0 info it worked if it ends with ok
1 verbose cli [ 'node', '/usr/local/bin/npm', 'start' ]
2 info using npm@2.10.1
3 info using node@v0.10.4
4 verbose run-script [ 'prestart', 'start', 'poststart' ]
5 info prestart meshjs.com@0.0.1
6 info start meshjs.com@0.0.1
7 verbose unsafe-perm in lifecycle true
8 info meshjs.com@0.0.1 Failed to exec start script
9 verbose stack Error: meshjs.com@0.0.1 start: `rm static/bundle.js; node src/server/index.js`
9 verbose stack Exit status 8
9 verbose stack     at EventEmitter.<anonymous> (/usr/local/lib/node_modules/npm/lib/utils/lifecycle.js:213:16)
9 verbose stack     at EventEmitter.emit (events.js:98:17)
9 verbose stack     at ChildProcess.<anonymous> (/usr/local/lib/node_modules/npm/lib/utils/spawn.js:24:14)
9 verbose stack     at ChildProcess.EventEmitter.emit (events.js:98:17)
9 verbose stack     at maybeClose (child_process.js:730:16)
9 verbose stack     at Process.ChildProcess._handle.onexit (child_process.js:797:5)
10 verbose pkgid meshjs.com@0.0.1
11 verbose cwd /Users/crcn/Developer/public/meshjs.com
12 error Darwin 14.3.0
13 error argv "node" "/usr/local/bin/npm" "start"
14 error node v0.10.4
15 error npm  v2.10.1
16 error code ELIFECYCLE
17 error meshjs.com@0.0.1 start: `rm static/bundle.js; node src/server/index.js`
17 error Exit status 8
18 error Failed at the meshjs.com@0.0.1 start script 'rm static/bundle.js; node src/server/index.js'.
18 error This is most likely a problem with the meshjs.com package,
18 error not with npm itself.
18 error Tell the author that this fails on your system:
18 error     rm static/bundle.js; node src/server/index.js
18 error You can get their info via:
18 error     npm owner ls meshjs.com
18 error There is likely additional logging output above.
19 verbose exit [ 1, true ]
